[14Mar2024 00:02:31.309] [Server thread/INFO] [net.minecraft.server.MinecraftServer/]: [LilPeepas: Teleported LilPeepas to 415.500000, -48.500000, 282.500000]
[14Mar2024 00:03:38.899] [Server thread/WARN] [net.minecraft.server.level.ServerPlayerGameMode/]: Mismatch in destroy block pos: BlockPos{x=421, y=-51, z=196} BlockPos{x=419, y=-53, z=194}
[14Mar2024 00:03:38.949] [Server thread/WARN] [net.minecraft.server.level.ServerPlayerGameMode/]: Mismatch in destroy block pos: BlockPos{x=421, y=-51, z=196} BlockPos{x=419, y=-53, z=194}
[14Mar2024 00:03:39.000] [Server thread/WARN] [net.minecraft.server.level.ServerPlayerGameMode/]: Mismatch in destroy block pos: BlockPos{x=421, y=-51, z=196} BlockPos{x=419, y=-53, z=194}
[14Mar2024 00:03:39.049] [Server thread/WARN] [net.minecraft.server.level.ServerPlayerGameMode/]: Mismatch in destroy block pos: BlockPos{x=421, y=-51, z=196} BlockPos{x=419, y=-53, z=194}
[14Mar2024 00:03:39.100] [Server thread/WARN] [net.minecraft.server.level.ServerPlayerGameMode/]: Mismatch in destroy block pos: BlockPos{x=421, y=-51, z=196} BlockPos{x=419, y=-53, z=194}
[14Mar2024 00:03:40.965] [Server thread/WARN] [net.minecraft.server.level.ServerPlayerGameMode/]: Mismatch in destroy block pos: BlockPos{x=427, y=-51, z=198} BlockPos{x=427, y=-53, z=196}
[14Mar2024 00:03:41.016] [Server thread/WARN] [net.minecraft.server.level.ServerPlayerGameMode/]: Mismatch in destroy block pos: BlockPos{x=427, y=-51, z=198} BlockPos{x=427, y=-53, z=196}
[14Mar2024 00:03:41.050] [Server thread/WARN] [net.minecraft.server.level.ServerPlayerGameMode/]: Mismatch in destroy block pos: BlockPos{x=427, y=-51, z=198} BlockPos{x=427, y=-53, z=196}
[14Mar2024 00:04:17.808] [Server thread/WARN] [net.minecraft.server.level.ServerPlayerGameMode/]: Mismatch in destroy block pos: BlockPos{x=408, y=-51, z=198} BlockPos{x=406, y=-52, z=198}
[14Mar2024 00:04:17.857] [Server thread/WARN] [net.minecraft.server.level.ServerPlayerGameMode/]: Mismatch in destroy block pos: BlockPos{x=408, y=-51, z=198} BlockPos{x=406, y=-52, z=198}
[14Mar2024 00:04:17.908] [Server thread/WARN] [net.minecraft.server.level.ServerPlayerGameMode/]: Mismatch in destroy block pos: BlockPos{x=408, y=-51, z=198} BlockPos{x=406, y=-52, z=198}
[14Mar2024 00:04:49.999] [Server thread/INFO] [net.minecraft.server.MinecraftServer/]: [LilPeepas: Teleported LilPeepas to 401.500000, 65.500000, -1831.500000]
[14Mar2024 00:06:00.556] [Server thread/INFO] [net.minecraft.server.MinecraftServer/]: [LilPeepas: Teleported LilPeepas to 415.500000, -48.500000, 282.500000]
[14Mar2024 00:07:47.019] [Server thread/INFO] [net.minecraft.server.MinecraftServer/]: [LilPeepas: Teleported LilPeepas to 401.500000, 65.500000, -1831.500000]
[14Mar2024 00:08:24.051] [Server thread/INFO] [net.minecraft.server.MinecraftServer/]: [LilPeepas: Teleported LilPeepas to 415.500000, -48.500000, 282.500000]
[14Mar2024 00:08:35.450] [Server thread/WARN] [net.minecraft.server.level.ServerPlayerGameMode/]: Mismatch in destroy block pos: BlockPos{x=410, y=-51, z=285} BlockPos{x=406, y=-53, z=284}
[14Mar2024 00:08:35.501] [Server thread/WARN] [net.minecraft.server.level.ServerPlayerGameMode/]: Mismatch in destroy block pos: BlockPos{x=410, y=-51, z=285} BlockPos{x=406, y=-53, z=284}
[14Mar2024 00:08:35.550] [Server thread/WARN] [net.minecraft.server.level.ServerPlayerGameMode/]: Mismatch in destroy block pos: BlockPos{x=410, y=-51, z=285} BlockPos{x=406, y=-53, z=284}
[14Mar2024 00:08:35.601] [Server thread/WARN] [net.minecraft.server.level.ServerPlayerGameMode/]: Mismatch in destroy block pos: BlockPos{x=410, y=-51, z=285} BlockPos{x=406, y=-53, z=284}
[14Mar2024 00:08:35.653] [Server thread/WARN] [net.minecraft.server.level.ServerPlayerGameMode/]: Mismatch in destroy block pos: BlockPos{x=410, y=-51, z=285} BlockPos{x=406, y=-53, z=284}
[14Mar2024 00:08:49.249] [Server thread/WARN] [net.minecraft.server.level.ServerPlayerGameMode/]: Mismatch in destroy block pos: BlockPos{x=418, y=-51, z=318} BlockPos{x=418, y=-53, z=317}
[14Mar2024 00:08:51.647] [Server thread/WARN] [net.minecraft.server.level.ServerPlayerGameMode/]: Mismatch in destroy block pos: BlockPos{x=425, y=-51, z=314} BlockPos{x=427, y=-52, z=314}
[14Mar2024 00:08:51.697] [Server thread/WARN] [net.minecraft.server.level.ServerPlayerGameMode/]: Mismatch in destroy block pos: BlockPos{x=425, y=-51, z=314} BlockPos{x=427, y=-52, z=314}
[14Mar2024 00:08:51.747] [Server thread/WARN] [net.minecraft.server.level.ServerPlayerGameMode/]: Mismatch in destroy block pos: BlockPos{x=425, y=-51, z=314} BlockPos{x=427, y=-52, z=314}
[14Mar2024 00:08:52.942] [Server thread/WARN] [net.minecraft.server.level.ServerPlayerGameMode/]: Mismatch in destroy block pos: BlockPos{x=424, y=-51, z=313} BlockPos{x=422, y=-53, z=312}
[14Mar2024 00:09:11.292] [Server thread/WARN] [net.minecraft.server.level.ServerPlayerGameMode/]: Mismatch in destroy block pos: BlockPos{x=375, y=-51, z=331} BlockPos{x=376, y=-52, z=329}
[14Mar2024 00:09:11.342] [Server thread/WARN] [net.minecraft.server.level.ServerPlayerGameMode/]: Mismatch in destroy block pos: BlockPos{x=375, y=-51, z=331} BlockPos{x=376, y=-52, z=329}
[14Mar2024 00:09:29.104] [Server thread/WARN] [net.minecraft.server.level.ServerPlayerGameMode/]: Mismatch in destroy block pos: BlockPos{x=357, y=-44, z=327} BlockPos{x=355, y=-46, z=328}
[14Mar2024 00:09:58.194] [Server thread/WARN] [net.minecraft.server.level.ServerPlayerGameMode/]: Mismatch in destroy block pos: BlockPos{x=355, y=-51, z=331} BlockPos{x=357, y=-53, z=331}
[14Mar2024 00:09:58.396] [Server thread/WARN] [net.minecraft.server.level.ServerPlayerGameMode/]: Mismatch in destroy block pos: BlockPos{x=355, y=-51, z=330} BlockPos{x=356, y=-53, z=331}
[14Mar2024 00:09:58.454] [Server thread/WARN] [net.minecraft.server.level.ServerPlayerGameMode/]: Mismatch in destroy block pos: BlockPos{x=355, y=-51, z=330} BlockPos{x=356, y=-53, z=331}
[14Mar2024 00:09:58.496] [Server thread/WARN] [net.minecraft.server.level.ServerPlayerGameMode/]: Mismatch in destroy block pos: BlockPos{x=355, y=-51, z=330} BlockPos{x=356, y=-53, z=331}
[14Mar2024 00:09:58.552] [Server thread/WARN] [net.minecraft.server.level.ServerPlayerGameMode/]: Mismatch in destroy block pos: BlockPos{x=355, y=-51, z=330} BlockPos{x=356, y=-53, z=331}
[14Mar2024 00:10:00.447] [Server thread/WARN] [net.minecraft.server.level.ServerPlayerGameMode/]: Mismatch in destroy block pos: BlockPos{x=354, y=-51, z=327} BlockPos{x=354, y=-53, z=325}
[14Mar2024 00:10:00.497] [Server thread/WARN] [net.minecraft.server.level.ServerPlayerGameMode/]: Mismatch in destroy block pos: BlockPos{x=354, y=-51, z=327} BlockPos{x=354, y=-53, z=325}
[14Mar2024 00:10:19.385] [Server thread/INFO] [net.minecraft.server.MinecraftServer/]: [LilPeepas: Teleported LilPeepas to 401.500000, 65.500000, -1831.500000]
[14Mar2024 00:11:41.263] [Server thread/INFO] [net.minecraft.server.MinecraftServer/]: [LilPeepas: Teleported LilPeepas to 415.500000, -48.500000, 282.500000]
[14Mar2024 00:17:10.763] [Server thread/INFO] [net.minecraft.server.MinecraftServer/]: [LilPeepas: Teleported LilPeepas to 401.500000, 65.500000, -1831.500000]
[14Mar2024 00:17:49.372] [Server thread/INFO] [com.lgow.endofherobrine.entity.herobrine.AbstractHerobrine/]: LURKER spawned at BlockPos{x=423, y=70, z=-1804}
[14Mar2024 00:20:40.459] [Server thread/INFO] [net.minecraft.server.MinecraftServer/]: [LilPeepas: Teleported LilPeepas to 415.500000, -48.500000, 282.500000]
[14Mar2024 00:21:57.234] [Server thread/WARN] [net.minecraft.server.level.ServerPlayerGameMode/]: Mismatch in destroy block pos: BlockPos{x=367, y=-48, z=320} BlockPos{x=366, y=-49, z=322}
[14Mar2024 00:21:57.286] [Server thread/WARN] [net.minecraft.server.level.ServerPlayerGameMode/]: Mismatch in destroy block pos: BlockPos{x=367, y=-48, z=320} BlockPos{x=366, y=-49, z=322}
[14Mar2024 00:21:57.337] [Server thread/WARN] [net.minecraft.server.level.ServerPlayerGameMode/]: Mismatch in destroy block pos: BlockPos{x=367, y=-48, z=320} BlockPos{x=366, y=-49, z=322}
[14Mar2024 00:22:16.731] [Server thread/WARN] [net.minecraft.server.level.ServerPlayerGameMode/]: Mismatch in destroy block pos: BlockPos{x=373, y=-47, z=315} BlockPos{x=373, y=-48, z=314}
[14Mar2024 00:24:07.632] [Server thread/WARN] [net.minecraft.server.level.ServerPlayerGameMode/]: Mismatch in destroy block pos: BlockPos{x=338, y=-51, z=294} BlockPos{x=336, y=-49, z=296}
[14Mar2024 00:24:19.533] [Server thread/WARN] [net.minecraft.server.level.ServerPlayerGameMode/]: Mismatch in destroy block pos: BlockPos{x=343, y=-51, z=272} BlockPos{x=343, y=-52, z=270}
[14Mar2024 00:24:20.731] [Server thread/WARN] [net.minecraft.server.level.ServerPlayerGameMode/]: Mismatch in destroy block pos: BlockPos{x=342, y=-51, z=271} BlockPos{x=342, y=-52, z=272}
[14Mar2024 00:24:20.783] [Server thread/WARN] [net.minecraft.server.level.ServerPlayerGameMode/]: Mismatch in destroy block pos: BlockPos{x=342, y=-51, z=271} BlockPos{x=342, y=-52, z=272}
[14Mar2024 00:25:07.034] [Server thread/WARN] [net.minecraft.server.level.ServerPlayerGameMode/]: Mismatch in destroy block pos: BlockPos{x=298, y=-51, z=274} BlockPos{x=298, y=-53, z=275}
[14Mar2024 00:25:07.081] [Server thread/WARN] [net.minecraft.server.level.ServerPlayerGameMode/]: Mismatch in destroy block pos: BlockPos{x=298, y=-51, z=274} BlockPos{x=298, y=-53, z=275}
[14Mar2024 00:25:07.134] [Server thread/WARN] [net.minecraft.server.level.ServerPlayerGameMode/]: Mismatch in destroy block pos: BlockPos{x=298, y=-51, z=274} BlockPos{x=298, y=-53, z=275}
[14Mar2024 00:25:18.770] [Server thread/INFO] [net.minecraft.server.MinecraftServer/]: [LilPeepas: Teleported LilPeepas to 401.500000, 65.500000, -1831.500000]
[14Mar2024 00:27:51.305] [Server thread/INFO] [net.minecraft.server.MinecraftServer/]: [LilPeepas: Teleported LilPeepas to 415.500000, -48.500000, 282.500000]
[14Mar2024 00:29:01.064] [Server thread/WARN] [net.minecraft.server.level.ServerPlayerGameMode/]: Mismatch in destroy block pos: BlockPos{x=375, y=-51, z=267} BlockPos{x=376, y=-52, z=265}
[14Mar2024 00:29:01.113] [Server thread/WARN] [net.minecraft.server.level.ServerPlayerGameMode/]: Mismatch in destroy block pos: BlockPos{x=375, y=-51, z=267} BlockPos{x=376, y=-52, z=265}
[14Mar2024 00:29:01.164] [Server thread/WARN] [net.minecraft.server.level.ServerPlayerGameMode/]: Mismatch in destroy block pos: BlockPos{x=375, y=-51, z=267} BlockPos{x=376, y=-52, z=265}
[14Mar2024 00:29:07.816] [Server thread/WARN] [net.minecraft.server.level.ServerPlayerGameMode/]: Mismatch in destroy block pos: BlockPos{x=370, y=-51, z=271} BlockPos{x=368, y=-52, z=273}
[14Mar2024 00:29:07.870] [Server thread/WARN] [net.minecraft.server.level.ServerPlayerGameMode/]: Mismatch in destroy block pos: BlockPos{x=370, y=-51, z=271} BlockPos{x=368, y=-52, z=273}
[14Mar2024 00:29:07.915] [Server thread/WARN] [net.minecraft.server.level.ServerPlayerGameMode/]: Mismatch in destroy block pos: BlockPos{x=370, y=-51, z=271} BlockPos{x=368, y=-52, z=273}
[14Mar2024 00:29:07.966] [Server thread/WARN] [net.minecraft.server.level.ServerPlayerGameMode/]: Mismatch in destroy block pos: BlockPos{x=370, y=-51, z=271} BlockPos{x=368, y=-52, z=273}
[14Mar2024 00:29:08.018] [Server thread/WARN] [net.minecraft.server.level.ServerPlayerGameMode/]: Mismatch in destroy block pos: BlockPos{x=370, y=-51, z=271} BlockPos{x=368, y=-52, z=273}
[14Mar2024 00:29:08.097] [Server thread/WARN] [net.minecraft.server.level.ServerPlayerGameMode/]: Mismatch in destroy block pos: BlockPos{x=370, y=-51, z=271} BlockPos{x=368, y=-52, z=273}
[14Mar2024 00:29:08.132] [Server thread/WARN] [net.minecraft.server.level.ServerPlayerGameMode/]: Mismatch in destroy block pos: BlockPos{x=371, y=-51, z=271} BlockPos{x=368, y=-52, z=273}
[14Mar2024 00:29:08.164] [Server thread/WARN] [net.minecraft.server.level.ServerPlayerGameMode/]: Mismatch in destroy block pos: BlockPos{x=371, y=-51, z=271} BlockPos{x=368, y=-52, z=273}
[14Mar2024 00:29:58.570] [Server thread/WARN] [net.minecraft.server.level.ServerPlayerGameMode/]: Mismatch in destroy block pos: BlockPos{x=378, y=-51, z=284} BlockPos{x=380, y=-52, z=284}
[14Mar2024 00:29:58.620] [Server thread/WARN] [net.minecraft.server.level.ServerPlayerGameMode/]: Mismatch in destroy block pos: BlockPos{x=378, y=-51, z=284} BlockPos{x=380, y=-52, z=284}
[14Mar2024 00:30:00.618] [Server thread/WARN] [net.minecraft.server.level.ServerPlayerGameMode/]: Mismatch in destroy block pos: BlockPos{x=379, y=-51, z=278} BlockPos{x=380, y=-53, z=277}
[14Mar2024 00:30:00.668] [Server thread/WARN] [net.minecraft.server.level.ServerPlayerGameMode/]: Mismatch in destroy block pos: BlockPos{x=379, y=-51, z=278} BlockPos{x=380, y=-53, z=277}
[14Mar2024 00:30:00.719] [Server thread/WARN] [net.minecraft.server.level.ServerPlayerGameMode/]: Mismatch in destroy block pos: BlockPos{x=379, y=-51, z=278} BlockPos{x=380, y=-53, z=277}
[14Mar2024 00:30:00.770] [Server thread/WARN] [net.minecraft.server.level.ServerPlayerGameMode/]: Mismatch in destroy block pos: BlockPos{x=379, y=-51, z=278} BlockPos{x=380, y=-53, z=277}
[14Mar2024 00:30:00.831] [Server thread/WARN] [net.minecraft.server.level.ServerPlayerGameMode/]: Mismatch in destroy block pos: BlockPos{x=379, y=-51, z=278} BlockPos{x=380, y=-53, z=277}
[14Mar2024 00:30:00.882] [Server thread/WARN] [net.minecraft.server.level.ServerPlayerGameMode/]: Mismatch in destroy block pos: BlockPos{x=379, y=-51, z=278} BlockPos{x=380, y=-53, z=277}
[14Mar2024 00:30:02.091] [Server thread/WARN] [net.minecraft.server.level.ServerPlayerGameMode/]: Mismatch in destroy block pos: BlockPos{x=379, y=-51, z=276} BlockPos{x=380, y=-53, z=275}
[14Mar2024 00:31:16.683] [Server thread/WARN] [net.minecraft.server.level.ServerPlayerGameMode/]: Mismatch in destroy block pos: BlockPos{x=362, y=-47, z=318} BlockPos{x=361, y=-49, z=318}
[14Mar2024 00:33:19.422] [Server thread/INFO] [com.lgow.endofherobrine.entity.herobrine.AbstractHerobrine/]: LURKER spawned at BlockPos{x=462, y=125, z=306}
[14Mar2024 00:35:33.807] [Server thread/WARN] [net.minecraft.server.level.ServerPlayerGameMode/]: Mismatch in destroy block pos: BlockPos{x=450, y=-51, z=314} BlockPos{x=450, y=-52, z=315}
[14Mar2024 00:35:33.959] [Server thread/WARN] [net.minecraft.server.level.ServerPlayerGameMode/]: Mismatch in destroy block pos: BlockPos{x=450, y=-51, z=314} BlockPos{x=450, y=-52, z=315}
[14Mar2024 00:36:02.956] [Server thread/WARN] [net.minecraft.server.level.ServerPlayerGameMode/]: Mismatch in destroy block pos: BlockPos{x=473, y=-51, z=327} BlockPos{x=474, y=-52, z=327}
[14Mar2024 00:36:03.006] [Server thread/WARN] [net.minecraft.server.level.ServerPlayerGameMode/]: Mismatch in destroy block pos: BlockPos{x=473, y=-51, z=327} BlockPos{x=474, y=-52, z=327}
[14Mar2024 00:36:03.056] [Server thread/WARN] [net.minecraft.server.level.ServerPlayerGameMode/]: Mismatch in destroy block pos: BlockPos{x=473, y=-51, z=327} BlockPos{x=474, y=-52, z=327}
[14Mar2024 00:36:03.106] [Server thread/WARN] [net.minecraft.server.level.ServerPlayerGameMode/]: Mismatch in destroy block pos: BlockPos{x=473, y=-51, z=327} BlockPos{x=474, y=-52, z=327}
[14Mar2024 00:36:15.617] [Server thread/WARN] [net.minecraft.server.level.ServerPlayerGameMode/]: Mismatch in destroy block pos: BlockPos{x=481, y=-44, z=337} BlockPos{x=480, y=-46, z=337}
[14Mar2024 00:36:30.694] [Server thread/INFO] [net.minecraft.server.MinecraftServer/]: [LilPeepas: Teleported LilPeepas to 401.500000, 65.500000, -1831.500000]
[14Mar2024 00:44:18.094] [Server thread/INFO] [net.minecraft.server.MinecraftServer/]: [LilPeepas: Teleported LilPeepas to 415.500000, -48.500000, 282.500000]
[14Mar2024 00:44:37.650] [Server thread/WARN] [net.minecraft.server.level.ServerPlayerGameMode/]: Mismatch in destroy block pos: BlockPos{x=420, y=-48, z=286} BlockPos{x=420, y=-50, z=285}
[14Mar2024 00:46:32.051] [Server thread/WARN] [net.minecraft.server.level.ServerPlayerGameMode/]: Mismatch in destroy block pos: BlockPos{x=379, y=-51, z=313} BlockPos{x=380, y=-52, z=312}
[14Mar2024 00:46:54.342] [Server thread/WARN] [net.minecraft.server.level.ServerPlayerGameMode/]: Mismatch in destroy block pos: BlockPos{x=364, y=-51, z=332} BlockPos{x=366, y=-53, z=332}
[14Mar2024 00:47:22.490] [Server thread/WARN] [net.minecraft.server.level.ServerPlayerGameMode/]: Mismatch in destroy block pos: BlockPos{x=380, y=-51, z=295} BlockPos{x=380, y=-52, z=293}
[14Mar2024 00:47:22.540] [Server thread/WARN] [net.minecraft.server.level.ServerPlayerGameMode/]: Mismatch in destroy block pos: BlockPos{x=380, y=-51, z=295} BlockPos{x=380, y=-52, z=293}
[14Mar2024 00:47:22.591] [Server thread/WARN] [net.minecraft.server.level.ServerPlayerGameMode/]: Mismatch in destroy block pos: BlockPos{x=380, y=-51, z=295} BlockPos{x=380, y=-52, z=293}
[14Mar2024 00:47:22.643] [Server thread/WARN] [net.minecraft.server.level.ServerPlayerGameMode/]: Mismatch in destroy block pos: BlockPos{x=380, y=-51, z=295} BlockPos{x=380, y=-52, z=293}
[14Mar2024 00:47:22.699] [Server thread/WARN] [net.minecraft.server.level.ServerPlayerGameMode/]: Mismatch in destroy block pos: BlockPos{x=380, y=-51, z=295} BlockPos{x=380, y=-52, z=293}
[14Mar2024 00:48:55.087] [Server thread/WARN] [net.minecraft.server.level.ServerPlayerGameMode/]: Mismatch in destroy block pos: BlockPos{x=301, y=-45, z=300} BlockPos{x=302, y=-46, z=300}
[14Mar2024 00:48:55.137] [Server thread/WARN] [net.minecraft.server.level.ServerPlayerGameMode/]: Mismatch in destroy block pos: BlockPos{x=301, y=-45, z=300} BlockPos{x=302, y=-46, z=300}
[14Mar2024 00:48:55.187] [Server thread/WARN] [net.minecraft.server.level.ServerPlayerGameMode/]: Mismatch in destroy block pos: BlockPos{x=301, y=-45, z=300} BlockPos{x=302, y=-46, z=300}
[14Mar2024 00:49:04.872] [Server thread/INFO] [com.lgow.endofherobrine.entity.herobrine.AbstractHerobrine/]: BUILDER spawned at BlockPos{x=286, y=119, z=326}
[14Mar2024 00:50:09.018] [Server thread/INFO] [net.minecraft.server.MinecraftServer/]: [LilPeepas: Teleported LilPeepas to 401.500000, 65.500000, -1831.500000]
[14Mar2024 00:51:07.207] [Server thread/INFO] [net.minecraft.server.MinecraftServer/]: [LilPeepas: Teleported LilPeepas to 415.500000, -48.500000, 282.500000]
[14Mar2024 00:51:29.089] [Server thread/WARN] [net.minecraft.server.level.ServerPlayerGameMode/]: Mismatch in destroy block pos: BlockPos{x=380, y=-51, z=260} BlockPos{x=380, y=-52, z=259}
[14Mar2024 00:51:29.140] [Server thread/WARN] [net.minecraft.server.level.ServerPlayerGameMode/]: Mismatch in destroy block pos: BlockPos{x=380, y=-51, z=260} BlockPos{x=380, y=-52, z=259}
[14Mar2024 00:51:29.190] [Server thread/WARN] [net.minecraft.server.level.ServerPlayerGameMode/]: Mismatch in destroy block pos: BlockPos{x=380, y=-51, z=260} BlockPos{x=380, y=-52, z=259}
[14Mar2024 00:51:55.234] [Server thread/WARN] [net.minecraft.server.level.ServerPlayerGameMode/]: Mismatch in destroy block pos: BlockPos{x=373, y=-49, z=243} BlockPos{x=372, y=-50, z=244}
[14Mar2024 00:51:55.283] [Server thread/WARN] [net.minecraft.server.level.ServerPlayerGameMode/]: Mismatch in destroy block pos: BlockPos{x=373, y=-49, z=243} BlockPos{x=372, y=-50, z=244}
[14Mar2024 00:52:04.547] [Server thread/WARN] [net.minecraft.server.level.ServerPlayerGameMode/]: Mismatch in destroy block pos: BlockPos{x=363, y=-51, z=243} BlockPos{x=364, y=-52, z=244}
[14Mar2024 00:52:04.597] [Server thread/WARN] [net.minecraft.server.level.ServerPlayerGameMode/]: Mismatch in destroy block pos: BlockPos{x=363, y=-51, z=243} BlockPos{x=364, y=-52, z=244}
[14Mar2024 00:52:04.634] [Server thread/WARN] [net.minecraft.server.level.ServerPlayerGameMode/]: Mismatch in destroy block pos: BlockPos{x=363, y=-51, z=243} BlockPos{x=364, y=-52, z=244}
[14Mar2024 00:52:24.239] [Server thread/WARN] [net.minecraft.server.level.ServerPlayerGameMode/]: Mismatch in destroy block pos: BlockPos{x=346, y=-51, z=247} BlockPos{x=348, y=-52, z=246}
[14Mar2024 00:52:24.290] [Server thread/WARN] [net.minecraft.server.level.ServerPlayerGameMode/]: Mismatch in destroy block pos: BlockPos{x=346, y=-51, z=247} BlockPos{x=348, y=-52, z=246}
[14Mar2024 00:52:24.342] [Server thread/WARN] [net.minecraft.server.level.ServerPlayerGameMode/]: Mismatch in destroy block pos: BlockPos{x=346, y=-51, z=247} BlockPos{x=348, y=-52, z=246}
[14Mar2024 00:52:30.087] [Server thread/WARN] [net.minecraft.server.level.ServerPlayerGameMode/]: Mismatch in destroy block pos: BlockPos{x=344, y=-51, z=256} BlockPos{x=343, y=-52, z=258}
[14Mar2024 00:52:30.138] [Server thread/WARN] [net.minecraft.server.level.ServerPlayerGameMode/]: Mismatch in destroy block pos: BlockPos{x=344, y=-51, z=256} BlockPos{x=343, y=-52, z=258}
[14Mar2024 00:52:30.189] [Server thread/WARN] [net.minecraft.server.level.ServerPlayerGameMode/]: Mismatch in destroy block pos: BlockPos{x=344, y=-51, z=256} BlockPos{x=343, y=-52, z=258}
[14Mar2024 00:52:30.245] [Server thread/WARN] [net.minecraft.server.level.ServerPlayerGameMode/]: Mismatch in destroy block pos: BlockPos{x=344, y=-51, z=256} BlockPos{x=343, y=-52, z=258}
[14Mar2024 00:52:30.283] [Server thread/WARN] [net.minecraft.server.level.ServerPlayerGameMode/]: Mismatch in destroy block pos: BlockPos{x=344, y=-51, z=256} BlockPos{x=343, y=-52, z=258}
[14Mar2024 00:52:30.340] [Server thread/WARN] [net.minecraft.server.level.ServerPlayerGameMode/]: Mismatch in destroy block pos: BlockPos{x=344, y=-51, z=256} BlockPos{x=343, y=-52, z=258}
[14Mar2024 00:52:30.394] [Server thread/WARN] [net.minecraft.server.level.ServerPlayerGameMode/]: Mismatch in destroy block pos: BlockPos{x=344, y=-51, z=256} BlockPos{x=343, y=-52, z=258}
[14Mar2024 00:52:37.436] [Server thread/WARN] [net.minecraft.server.level.ServerPlayerGameMode/]: Mismatch in destroy block pos: BlockPos{x=343, y=-51, z=247} BlockPos{x=344, y=-52, z=246}
[14Mar2024 00:52:37.591] [Server thread/WARN] [net.minecraft.server.level.ServerPlayerGameMode/]: Mismatch in destroy block pos: BlockPos{x=343, y=-51, z=247} BlockPos{x=344, y=-52, z=246}
[14Mar2024 00:55:20.737] [Server thread/WARN] [net.minecraft.server.level.ServerPlayerGameMode/]: Mismatch in destroy block pos: BlockPos{x=369, y=-51, z=221} BlockPos{x=370, y=-52, z=221}
[14Mar2024 00:57:03.731] [Server thread/WARN] [net.minecraft.server.level.ServerPlayerGameMode/]: Mismatch in destroy block pos: BlockPos{x=475, y=-49, z=253} BlockPos{x=474, y=-50, z=252}
[14Mar2024 01:02:55.568] [Server thread/WARN] [net.minecraft.server.level.ServerPlayerGameMode/]: Mismatch in destroy block pos: BlockPos{x=312, y=-51, z=249} BlockPos{x=311, y=-52, z=247}
[14Mar2024 01:02:58.934] [Server thread/WARN] [net.minecraft.server.level.ServerPlayerGameMode/]: Mismatch in destroy block pos: BlockPos{x=311, y=-51, z=242} BlockPos{x=310, y=-52, z=241}
[14Mar2024 01:02:58.982] [Server thread/WARN] [net.minecraft.server.level.ServerPlayerGameMode/]: Mismatch in destroy block pos: BlockPos{x=311, y=-51, z=242} BlockPos{x=310, y=-52, z=241}
[14Mar2024 01:02:59.031] [Server thread/WARN] [net.minecraft.server.level.ServerPlayerGameMode/]: Mismatch in destroy block pos: BlockPos{x=311, y=-51, z=242} BlockPos{x=310, y=-52, z=241}
[14Mar2024 01:02:59.084] [Server thread/WARN] [net.minecraft.server.level.ServerPlayerGameMode/]: Mismatch in destroy block pos: BlockPos{x=311, y=-51, z=242} BlockPos{x=310, y=-52, z=241}
[14Mar2024 01:04:54.185] [Server thread/INFO] [net.minecraft.server.MinecraftServer/]: [LilPeepas: Teleported LilPeepas to 401.500000, 65.500000, -1831.500000]
[14Mar2024 01:10:45.222] [Server thread/INFO] [com.lgow.endofherobrine.entity.herobrine.AbstractHerobrine/]: BUILDER spawned at BlockPos{x=401, y=70, z=-1872}
[14Mar2024 01:10:48.858] [Server thread/INFO] [net.minecraft.server.MinecraftServer/]: [LilPeepas: Teleported LilPeepas to 415.500000, -48.500000, 282.500000]
[14Mar2024 01:11:35.764] [Server thread/WARN] [net.minecraft.server.level.ServerPlayerGameMode/]: Mismatch in destroy block pos: BlockPos{x=449, y=-51, z=279} BlockPos{x=448, y=-52, z=278}
[14Mar2024 01:11:48.453] [Server thread/WARN] [net.minecraft.server.level.ServerPlayerGameMode/]: Mismatch in destroy block pos: BlockPos{x=452, y=-51, z=283} BlockPos{x=453, y=-52, z=284}
[14Mar2024 01:12:10.056] [Server thread/WARN] [net.minecraft.server.level.ServerPlayerGameMode/]: Mismatch in destroy block pos: BlockPos{x=464, y=-51, z=278} BlockPos{x=466, y=-52, z=276}
[14Mar2024 01:12:10.105] [Server thread/WARN] [net.minecraft.server.level.ServerPlayerGameMode/]: Mismatch in destroy block pos: BlockPos{x=464, y=-51, z=278} BlockPos{x=466, y=-52, z=276}
[14Mar2024 01:12:10.159] [Server thread/WARN] [net.minecraft.server.level.ServerPlayerGameMode/]: Mismatch in destroy block pos: BlockPos{x=464, y=-51, z=278} BlockPos{x=466, y=-52, z=276}
[14Mar2024 01:12:24.116] [Server thread/WARN] [net.minecraft.server.level.ServerPlayerGameMode/]: Mismatch in destroy block pos: BlockPos{x=470, y=-51, z=283} BlockPos{x=469, y=-52, z=282}
[14Mar2024 01:12:24.166] [Server thread/WARN] [net.minecraft.server.level.ServerPlayerGameMode/]: Mismatch in destroy block pos: BlockPos{x=470, y=-51, z=283} BlockPos{x=469, y=-52, z=282}
[14Mar2024 01:15:45.702] [Server thread/WARN] [net.minecraft.server.level.ServerPlayerGameMode/]: Mismatch in destroy block pos: BlockPos{x=467, y=-51, z=157} BlockPos{x=466, y=-53, z=156}
[14Mar2024 01:15:45.751] [Server thread/WARN] [net.minecraft.server.level.ServerPlayerGameMode/]: Mismatch in destroy block pos: BlockPos{x=467, y=-51, z=157} BlockPos{x=466, y=-53, z=156}
[14Mar2024 01:15:45.801] [Server thread/WARN] [net.minecraft.server.level.ServerPlayerGameMode/]: Mismatch in destroy block pos: BlockPos{x=467, y=-51, z=157} BlockPos{x=466, y=-53, z=156}
[14Mar2024 01:15:45.854] [Server thread/WARN] [net.minecraft.server.level.ServerPlayerGameMode/]: Mismatch in destroy block pos: BlockPos{x=467, y=-51, z=157} BlockPos{x=466, y=-53, z=156}
[14Mar2024 01:15:45.901] [Server thread/WARN] [net.minecraft.server.level.ServerPlayerGameMode/]: Mismatch in destroy block pos: BlockPos{x=467, y=-51, z=157} BlockPos{x=466, y=-53, z=156}
[14Mar2024 01:15:45.954] [Server thread/WARN] [net.minecraft.server.level.ServerPlayerGameMode/]: Mismatch in destroy block pos: BlockPos{x=467, y=-51, z=157} BlockPos{x=466, y=-53, z=156}
[14Mar2024 01:15:46.006] [Server thread/WARN] [net.minecraft.server.level.ServerPlayerGameMode/]: Mismatch in destroy block pos: BlockPos{x=467, y=-51, z=157} BlockPos{x=466, y=-53, z=156}
[14Mar2024 01:15:46.058] [Server thread/WARN] [net.minecraft.server.level.ServerPlayerGameMode/]: Mismatch in destroy block pos: BlockPos{x=467, y=-51, z=157} BlockPos{x=466, y=-53, z=156}
[14Mar2024 01:15:47.211] [Server thread/WARN] [net.minecraft.server.level.ServerPlayerGameMode/]: Mismatch in destroy block pos: BlockPos{x=465, y=-51, z=158} BlockPos{x=463, y=-53, z=159}
[14Mar2024 01:16:18.330] [Server thread/INFO] [net.minecraft.server.MinecraftServer/]: LilPeepas was slain by Cave Dweller
[14Mar2024 01:16:18.340] [Server thread/INFO] [tombstone/]: The player LilPeepas has successfully been saved
[14Mar2024 01:18:07.703] [Server thread/WARN] [net.minecraft.server.level.ServerPlayerGameMode/]: Mismatch in destroy block pos: BlockPos{x=469, y=-51, z=126} BlockPos{x=468, y=-53, z=125}
[14Mar2024 01:18:07.754] [Server thread/WARN] [net.minecraft.server.level.ServerPlayerGameMode/]: Mismatch in destroy block pos: BlockPos{x=469, y=-51, z=126} BlockPos{x=468, y=-53, z=125}
[14Mar2024 01:18:40.997] [Server thread/WARN] [net.minecraft.server.level.ServerPlayerGameMode/]: Mismatch in destroy block pos: BlockPos{x=440, y=-49, z=127} BlockPos{x=440, y=-49, z=126}
[14Mar2024 01:18:41.048] [Server thread/WARN] [net.minecraft.server.level.ServerPlayerGameMode/]: Mismatch in destroy block pos: BlockPos{x=440, y=-49, z=127} BlockPos{x=440, y=-49, z=126}
[14Mar2024 01:18:41.099] [Server thread/WARN] [net.minecraft.server.level.ServerPlayerGameMode/]: Mismatch in destroy block pos: BlockPos{x=440, y=-49, z=127} BlockPos{x=440, y=-49, z=126}
[14Mar2024 01:18:52.495] [Server thread/WARN] [net.minecraft.server.level.ServerPlayerGameMode/]: Mismatch in destroy block pos: BlockPos{x=439, y=-52, z=122} BlockPos{x=440, y=-53, z=122}
[14Mar2024 01:18:52.545] [Server thread/WARN] [net.minecraft.server.level.ServerPlayerGameMode/]: Mismatch in destroy block pos: BlockPos{x=439, y=-52, z=122} BlockPos{x=440, y=-53, z=122}
[14Mar2024 01:20:23.304] [Server thread/WARN] [net.minecraft.server.level.ServerPlayerGameMode/]: Mismatch in destroy block pos: BlockPos{x=481, y=-51, z=171} BlockPos{x=482, y=-53, z=169}
[14Mar2024 01:20:23.357] [Server thread/WARN] [net.minecraft.server.level.ServerPlayerGameMode/]: Mismatch in destroy block pos: BlockPos{x=481, y=-51, z=171} BlockPos{x=482, y=-53, z=169}
[14Mar2024 01:20:23.486] [Server thread/WARN] [net.minecraft.server.level.ServerPlayerGameMode/]: Mismatch in destroy block pos: BlockPos{x=481, y=-51, z=171} BlockPos{x=482, y=-53, z=169}
[14Mar2024 01:20:23.486] [Server thread/WARN] [net.minecraft.server.level.ServerPlayerGameMode/]: Mismatch in destroy block pos: BlockPos{x=481, y=-51, z=171} BlockPos{x=482, y=-53, z=169}
[14Mar2024 01:20:23.505] [Server thread/WARN] [net.minecraft.server.level.ServerPlayerGameMode/]: Mismatch in destroy block pos: BlockPos{x=481, y=-51, z=171} BlockPos{x=482, y=-53, z=169}
[14Mar2024 01:20:23.557] [Server thread/WARN] [net.minecraft.server.level.ServerPlayerGameMode/]: Mismatch in destroy block pos: BlockPos{x=481, y=-51, z=171} BlockPos{x=482, y=-53, z=169}
[14Mar2024 01:20:23.601] [Server thread/WARN] [net.minecraft.server.level.ServerPlayerGameMode/]: Mismatch in destroy block pos: BlockPos{x=481, y=-51, z=171} BlockPos{x=482, y=-53, z=169}
[14Mar2024 01:20:29.407] [Server thread/WARN] [net.minecraft.server.level.ServerPlayerGameMode/]: Mismatch in destroy block pos: BlockPos{x=486, y=-54, z=166} BlockPos{x=486, y=-55, z=168}
[14Mar2024 01:20:29.457] [Server thread/WARN] [net.minecraft.server.level.ServerPlayerGameMode/]: Mismatch in destroy block pos: BlockPos{x=486, y=-54, z=166} BlockPos{x=486, y=-55, z=168}
[14Mar2024 01:20:29.507] [Server thread/WARN] [net.minecraft.server.level.ServerPlayerGameMode/]: Mismatch in destroy block pos: BlockPos{x=486, y=-54, z=166} BlockPos{x=486, y=-55, z=168}
[14Mar2024 01:20:29.558] [Server thread/WARN] [net.minecraft.server.level.ServerPlayerGameMode/]: Mismatch in destroy block pos: BlockPos{x=486, y=-54, z=166} BlockPos{x=486, y=-55, z=168}
[14Mar2024 01:20:38.402] [Server thread/WARN] [net.minecraft.server.level.ServerPlayerGameMode/]: Mismatch in destroy block pos: BlockPos{x=492, y=-52, z=159} BlockPos{x=490, y=-52, z=160}
[14Mar2024 01:20:38.453] [Server thread/WARN] [net.minecraft.server.level.ServerPlayerGameMode/]: Mismatch in destroy block pos: BlockPos{x=492, y=-52, z=159} BlockPos{x=490, y=-52, z=160}
[14Mar2024 01:20:51.345] [Server thread/WARN] [net.minecraft.server.level.ServerPlayerGameMode/]: Mismatch in destroy block pos: BlockPos{x=488, y=-53, z=167} BlockPos{x=489, y=-54, z=166}
[14Mar2024 01:21:34.194] [Server thread/INFO] [net.minecraft.server.MinecraftServer/]: [LilPeepas: Teleported LilPeepas to 401.500000, 65.500000, -1831.500000]
[14Mar2024 01:22:49.672] [Server thread/INFO] [com.lgow.endofherobrine.entity.herobrine.AbstractHerobrine/]: BUILDER spawned at BlockPos{x=434, y=70, z=-1836}
